=== puma startup: 2019-09-05 09:32:47 -0300 ===
[17820] * Starting control server on unix:///var/folders/4n/zyxdyyg531z1fb1lqnd3g_xh0000gn/T/puma-status-1567686767369-17820
[17820] - Worker 1 (pid: 17825) booted, phase: 0
[17820] - Worker 0 (pid: 17824) booted, phase: 0
[17820] - Gracefully shutting down workers...
[17820] === puma shutdown: 2019-09-05 09:32:54 -0300 ===
[17820] - Goodbye!
Exiting
=== puma startup: 2019-09-05 10:22:38 -0300 ===
[18314] * Starting control server on unix:///var/folders/4n/zyxdyyg531z1fb1lqnd3g_xh0000gn/T/puma-status-1567689758498-18314
[18314] - Worker 0 (pid: 18320) booted, phase: 0
[18314] - Worker 1 (pid: 18321) booted, phase: 0
[18314] - Gracefully shutting down workers...
[18314] === puma shutdown: 2019-09-05 10:22:40 -0300 ===
[18314] - Goodbye!
Exiting
=== puma startup: 2019-09-05 10:23:18 -0300 ===
[18339] * Starting control server on unix:///var/folders/4n/zyxdyyg531z1fb1lqnd3g_xh0000gn/T/puma-status-1567689798344-18339
[18339] - Worker 0 (pid: 18344) booted, phase: 0
[18339] - Worker 1 (pid: 18345) booted, phase: 0
Started GET "/" for 127.0.0.1 at 2019-09-05 10:23:24 -0300
  [1m[36mConfig Load (0.7ms)[0m  [1m[34mSELECT  "configs".* FROM "configs" ORDER BY "configs"."id" ASC LIMIT $1[0m  [["LIMIT", 1]]
  ↳ config/routes.rb:52
  [1m[36mCACHE Config Load (0.1ms)[0m  [1m[34mSELECT  "configs".* FROM "configs" ORDER BY "configs"."id" ASC LIMIT $1[0m  [["LIMIT", 1]]
  ↳ app/models/config.rb:7
  Query Trace > [1;35mapp/models/config.rb:7:in `instance'[0m
  [1m[36mCACHE Config Load (0.0ms)[0m  [1m[34mSELECT  "configs".* FROM "configs" ORDER BY "configs"."id" ASC LIMIT $1[0m  [["LIMIT", 1]]
  ↳ app/models/config.rb:10
  Query Trace > [1;35mapp/models/config.rb:10:in `instance'[0m
  [1m[35m (41.0ms)[0m  [1m[34mSELECT "schema_migrations"."version" FROM "schema_migrations" ORDER BY "schema_migrations"."version" ASC[0m
  ↳ /Users/max/.rvm/gems/ruby-2.6.3/gems/activerecord-5.2.0/lib/active_record/log_subscriber.rb:98
Processing by ParticipantesController#new as HTML
  [1m[36mCACHE Config Load (0.0ms)[0m  [1m[34mSELECT  "configs".* FROM "configs" ORDER BY "configs"."id" ASC LIMIT $1[0m  [["LIMIT", 1]]
  ↳ app/models/config.rb:7
  Query Trace > [1;35mapp/models/config.rb:7:in `instance'
     from app/controllers/participantes_controller.rb:31:in `new'[0m
  [1m[36mCACHE Config Load (0.0ms)[0m  [1m[34mSELECT  "configs".* FROM "configs" ORDER BY "configs"."id" ASC LIMIT $1[0m  [["LIMIT", 1]]
  ↳ app/models/config.rb:10
  Query Trace > [1;35mapp/models/config.rb:10:in `instance'
     from app/controllers/participantes_controller.rb:31:in `new'[0m
  Rendering participantes/new.html.erb within layouts/publico
  [1m[36mPais Load (0.6ms)[0m  [1m[34mSELECT "paises".* FROM "paises"[0m
  ↳ app/models/concerns/selectable.rb:7
  Query Trace > [1;35mapp/models/concerns/selectable.rb:7:in `select'
     from app/views/participantes/_form.html.erb:103:in `block in _app_views_participantes__form_html_erb__1291552765492852556_70128874633100'
     from app/views/participantes/_form.html.erb:94:in `_app_views_participantes__form_html_erb__1291552765492852556_70128874633100'
     from app/views/participantes/new.html.erb:4:in `_app_views_participantes_new_html_erb___523137029632170710_70128835873100'
     from app/controllers/participantes_controller.rb:34:in `new'[0m
  [1m[36mCidade Load (42.9ms)[0m  [1m[34mSELECT  "cidades".* FROM "cidades" WHERE (cidades.nome = 'Natal') ORDER BY "cidades"."id" ASC LIMIT $1[0m  [["LIMIT", 1]]
  ↳ app/helpers/participantes_helper.rb:37
  Query Trace > [1;35mapp/helpers/participantes_helper.rb:37:in `select2_default_option'
     from app/views/participantes/_form.html.erb:104:in `block in _app_views_participantes__form_html_erb__1291552765492852556_70128874633100'
     from app/views/participantes/_form.html.erb:94:in `_app_views_participantes__form_html_erb__1291552765492852556_70128874633100'
     from app/views/participantes/new.html.erb:4:in `_app_views_participantes_new_html_erb___523137029632170710_70128835873100'
     from app/controllers/participantes_controller.rb:34:in `new'[0m
  [1m[36mEstado Load (26.1ms)[0m  [1m[34mSELECT "estados".* FROM "estados" WHERE "estados"."id" = $1[0m  [["id", 20]]
  ↳ app/helpers/participantes_helper.rb:37
  Query Trace > [1;35mapp/helpers/participantes_helper.rb:37:in `select2_default_option'
     from app/views/participantes/_form.html.erb:104:in `block in _app_views_participantes__form_html_erb__1291552765492852556_70128874633100'
     from app/views/participantes/_form.html.erb:94:in `_app_views_participantes__form_html_erb__1291552765492852556_70128874633100'
     from app/views/participantes/new.html.erb:4:in `_app_views_participantes_new_html_erb___523137029632170710_70128835873100'
     from app/controllers/participantes_controller.rb:34:in `new'[0m
  [1m[36mTipoParticipante Load (0.5ms)[0m  [1m[34mSELECT "tipo_participantes".* FROM "tipo_participantes"[0m
  ↳ app/models/concerns/selectable.rb:7
  Query Trace > [1;35mapp/models/concerns/selectable.rb:7:in `select'
     from app/views/participantes/_form.html.erb:106:in `block in _app_views_participantes__form_html_erb__1291552765492852556_70128874633100'
     from app/views/participantes/_form.html.erb:94:in `_app_views_participantes__form_html_erb__1291552765492852556_70128874633100'
     from app/views/participantes/new.html.erb:4:in `_app_views_participantes_new_html_erb___523137029632170710_70128835873100'
     from app/controllers/participantes_controller.rb:34:in `new'[0m
  [1m[36mCampus Load (40.6ms)[0m  [1m[34mSELECT "campi".* FROM "campi"[0m
  ↳ app/models/concerns/selectable.rb:7
  Query Trace > [1;35mapp/models/concerns/selectable.rb:7:in `select'
     from app/views/participantes/_form.html.erb:108:in `block in _app_views_participantes__form_html_erb__1291552765492852556_70128874633100'
     from app/views/participantes/_form.html.erb:94:in `_app_views_participantes__form_html_erb__1291552765492852556_70128874633100'
     from app/views/participantes/new.html.erb:4:in `_app_views_participantes_new_html_erb___523137029632170710_70128835873100'
     from app/controllers/participantes_controller.rb:34:in `new'[0m
  Rendered participantes/_form.html.erb (322.8ms)
  Rendered sessions/_form.html.erb (2.4ms)
  Rendered participantes/new.html.erb within layouts/publico (328.8ms)
  Rendered layouts/_bootstrap.html.erb (0.4ms)
  Rendered layouts/_notify.html.erb (0.8ms)
Completed 200 OK in 1029ms (Views: 831.2ms | ActiveRecord: 131.7ms)


Started POST "/sessions" for 127.0.0.1 at 2019-09-05 10:23:33 -0300
Processing by SessionsController#create as HTML
  Parameters: {"utf8"=>"✓", "authenticity_token"=>"++uq2BG2PYb8IXkuJ2WlfKS7ydUuUylwOmipFQPpPsdpF4ZGxMOe8DAYPwTrA6OWUaBxCT6qukCVlx6i22BBJQ==", "email"=>"aspmiller007@gmail.com", "password"=>"[FILTERED]", "commit"=>"Enviar"}
  [1m[36mUsuario Load (0.6ms)[0m  [1m[34mSELECT  "usuarios".* FROM "usuarios" WHERE "usuarios"."email" = $1 LIMIT $2[0m  [["email", "aspmiller007@gmail.com"], ["LIMIT", 1]]
  ↳ app/models/usuario.rb:16
  Query Trace > [1;35mapp/models/usuario.rb:16:in `autenticar'
     from app/controllers/sessions_controller.rb:8:in `create'[0m
  [1m[36mPerfil Load (0.3ms)[0m  [1m[34mSELECT  "perfis".* FROM "perfis" WHERE "perfis"."id" = $1 LIMIT $2[0m  [["id", 7], ["LIMIT", 1]]
  ↳ app/models/usuario.rb:41
  Query Trace > [1;35mapp/models/usuario.rb:41:in `tem_perfil?'
     from app/controllers/sessions_controller.rb:32:in `redirecionar'
     from app/controllers/sessions_controller.rb:11:in `create'[0m
Redirected to http://localhost:3000/participacao
Completed 302 Found in 83ms (ActiveRecord: 3.8ms)


Started GET "/participacao" for 127.0.0.1 at 2019-09-05 10:23:33 -0300
Processing by ParticipantesController#participacao as HTML
  [1m[36mUsuario Load (0.3ms)[0m  [1m[34mSELECT  "usuarios".* FROM "usuarios" WHERE "usuarios"."id" = $1 LIMIT $2[0m  [["id", 2], ["LIMIT", 1]]
  ↳ app/controllers/application_controller.rb:40
  Query Trace > [1;35mapp/controllers/application_controller.rb:40:in `current_user'
     from app/controllers/application_controller.rb:44:in `current_user?'
     from app/controllers/application_controller.rb:36:in `auth_required'[0m
  [1m[36mCACHE Usuario Load (0.0ms)[0m  [1m[34mSELECT  "usuarios".* FROM "usuarios" WHERE "usuarios"."id" = $1 LIMIT $2[0m  [["id", 2], ["LIMIT", 1]]
  ↳ app/controllers/application_controller.rb:40
  Query Trace > [1;35mapp/controllers/application_controller.rb:40:in `current_user'
     from app/controllers/participantes_controller.rb:6:in `participacao'[0m
  [1m[36mParticipante Load (42.5ms)[0m  [1m[34mSELECT  "participantes".* FROM "participantes" WHERE "participantes"."id" = $1 LIMIT $2[0m  [["id", 1], ["LIMIT", 1]]
  ↳ app/controllers/participantes_controller.rb:6
  Query Trace > [1;35mapp/controllers/participantes_controller.rb:6:in `participacao'[0m
  [1m[36mCACHE Usuario Load (0.0ms)[0m  [1m[34mSELECT  "usuarios".* FROM "usuarios" WHERE "usuarios"."id" = $1 LIMIT $2[0m  [["id", 2], ["LIMIT", 1]]
  ↳ app/controllers/application_controller.rb:40
  Query Trace > [1;35mapp/controllers/application_controller.rb:40:in `current_user'
     from app/controllers/participantes_controller.rb:7:in `participacao'[0m
  [1m[36mPerfil Load (0.2ms)[0m  [1m[34mSELECT  "perfis".* FROM "perfis" WHERE "perfis"."id" = $1 LIMIT $2[0m  [["id", 7], ["LIMIT", 1]]
  ↳ app/models/usuario.rb:41
  Query Trace > [1;35mapp/models/usuario.rb:41:in `tem_perfil?'
     from app/models/usuario.rb:48:in `admin?'
     from app/models/ability.rb:10:in `initialize'
     from app/controllers/participantes_controller.rb:7:in `participacao'[0m
  [1m[36mCACHE Participante Load (0.1ms)[0m  [1m[34mSELECT  "participantes".* FROM "participantes" WHERE "participantes"."id" = $1 LIMIT $2[0m  [["id", 1], ["LIMIT", 1]]
  ↳ app/models/ability.rb:64
  Query Trace > [1;35mapp/models/ability.rb:64:in `initialize'
     from app/controllers/participantes_controller.rb:7:in `participacao'[0m
  [1m[36mConfig Load (0.4ms)[0m  [1m[34mSELECT  "configs".* FROM "configs" ORDER BY "configs"."id" ASC LIMIT $1[0m  [["LIMIT", 1]]
  ↳ app/models/config.rb:7
  Query Trace > [1;35mapp/models/config.rb:7:in `instance'
     from app/models/ability.rb:68:in `initialize'
     from app/controllers/participantes_controller.rb:7:in `participacao'[0m
  [1m[36mCACHE Config Load (0.0ms)[0m  [1m[34mSELECT  "configs".* FROM "configs" ORDER BY "configs"."id" ASC LIMIT $1[0m  [["LIMIT", 1]]
  ↳ app/models/config.rb:10
  Query Trace > [1;35mapp/models/config.rb:10:in `instance'
     from app/models/ability.rb:68:in `initialize'
     from app/controllers/participantes_controller.rb:7:in `participacao'[0m
  Rendering participantes/participacao.html.erb within layouts/application
  [1m[36mUsuario Load (0.5ms)[0m  [1m[34mSELECT  "usuarios".* FROM "usuarios" WHERE "usuarios"."autenticavel_id" = $1 AND "usuarios"."autenticavel_type" = $2 LIMIT $3[0m  [["autenticavel_id", 1], ["autenticavel_type", "Participante"], ["LIMIT", 1]]
  ↳ app/models/participante.rb:62
  Query Trace > [1;35mapp/models/participante.rb:62:in `nome'
     from app/views/participantes/_detalhes.html.erb:3:in `_app_views_participantes__detalhes_html_erb___2060708083039104913_70128885750680'
     from app/views/participantes/participacao.html.erb:16:in `_app_views_participantes_participacao_html_erb___4198821702261982235_70128881359700'[0m
  [1m[36mTipoParticipante Load (0.2ms)[0m  [1m[34mSELECT  "tipo_participantes".* FROM "tipo_participantes" WHERE "tipo_participantes"."id" = $1 LIMIT $2[0m  [["id", 2], ["LIMIT", 1]]
  ↳ app/views/participantes/_detalhes.html.erb:6
  Query Trace > [1;35mapp/views/participantes/_detalhes.html.erb:6:in `_app_views_participantes__detalhes_html_erb___2060708083039104913_70128885750680'
     from app/views/participantes/participacao.html.erb:16:in `_app_views_participantes_participacao_html_erb___4198821702261982235_70128881359700'[0m
  [1m[36mPais Load (0.3ms)[0m  [1m[34mSELECT  "paises".* FROM "paises" WHERE "paises"."id" = $1 LIMIT $2[0m  [["id", 33], ["LIMIT", 1]]
  ↳ app/views/participantes/_detalhes.html.erb:7
  Query Trace > [1;35mapp/views/participantes/_detalhes.html.erb:7:in `_app_views_participantes__detalhes_html_erb___2060708083039104913_70128885750680'
     from app/views/participantes/participacao.html.erb:16:in `_app_views_participantes_participacao_html_erb___4198821702261982235_70128881359700'[0m
  [1m[36mCidade Load (0.2ms)[0m  [1m[34mSELECT  "cidades".* FROM "cidades" WHERE "cidades"."id" = $1 LIMIT $2[0m  [["id", 3238], ["LIMIT", 1]]
  ↳ app/views/participantes/_detalhes.html.erb:9
  Query Trace > [1;35mapp/views/participantes/_detalhes.html.erb:9:in `_app_views_participantes__detalhes_html_erb___2060708083039104913_70128885750680'
     from app/views/participantes/participacao.html.erb:16:in `_app_views_participantes_participacao_html_erb___4198821702261982235_70128881359700'[0m
  [1m[36mEstado Load (0.2ms)[0m  [1m[34mSELECT  "estados".* FROM "estados" WHERE "estados"."id" = $1 LIMIT $2[0m  [["id", 20], ["LIMIT", 1]]
  ↳ app/views/participantes/_detalhes.html.erb:9
  Query Trace > [1;35mapp/views/participantes/_detalhes.html.erb:9:in `_app_views_participantes__detalhes_html_erb___2060708083039104913_70128885750680'
     from app/views/participantes/participacao.html.erb:16:in `_app_views_participantes_participacao_html_erb___4198821702261982235_70128881359700'[0m
  [1m[36mCampus Load (0.4ms)[0m  [1m[34mSELECT  "campi".* FROM "campi" WHERE "campi"."id" = $1 LIMIT $2[0m  [["id", 2], ["LIMIT", 1]]
  ↳ app/views/participantes/_detalhes.html.erb:13
  Query Trace > [1;35mapp/views/participantes/_detalhes.html.erb:13:in `_app_views_participantes__detalhes_html_erb___2060708083039104913_70128885750680'
     from app/views/participantes/participacao.html.erb:16:in `_app_views_participantes_participacao_html_erb___4198821702261982235_70128881359700'[0m
  Rendered participantes/_detalhes.html.erb (20.6ms)
  Rendered participantes/participacao.html.erb within layouts/application (21.8ms)
  Rendered layouts/_bootstrap.html.erb (0.5ms)
  Rendered layouts/_notify.html.erb (0.8ms)
  [1m[36mCACHE Usuario Load (0.0ms)[0m  [1m[34mSELECT  "usuarios".* FROM "usuarios" WHERE "usuarios"."id" = $1 LIMIT $2[0m  [["id", 2], ["LIMIT", 1]]
  ↳ app/controllers/application_controller.rb:40
  Query Trace > [1;35mapp/controllers/application_controller.rb:40:in `current_user'
     from app/controllers/application_controller.rb:44:in `current_user?'
     from app/views/layouts/application.html.erb:14:in `_app_views_layouts_application_html_erb__1994894208736558808_70128881423760'[0m
  [1m[36mCACHE Usuario Load (0.1ms)[0m  [1m[34mSELECT  "usuarios".* FROM "usuarios" WHERE "usuarios"."id" = $1 LIMIT $2[0m  [["id", 2], ["LIMIT", 1]]
  ↳ app/controllers/application_controller.rb:40
  Query Trace > [1;35mapp/controllers/application_controller.rb:40:in `current_user'
     from app/views/layouts/_menu.html.erb:18:in `_app_views_layouts__menu_html_erb___3223627749978708812_70128837063980'
     from app/views/layouts/application.html.erb:15:in `_app_views_layouts_application_html_erb__1994894208736558808_70128881423760'[0m
  [1m[36mCACHE Perfil Load (0.0ms)[0m  [1m[34mSELECT  "perfis".* FROM "perfis" WHERE "perfis"."id" = $1 LIMIT $2[0m  [["id", 7], ["LIMIT", 1]]
  ↳ app/models/usuario.rb:41
  Query Trace > [1;35mapp/models/usuario.rb:41:in `tem_perfil?'
     from app/views/layouts/_menu.html.erb:18:in `_app_views_layouts__menu_html_erb___3223627749978708812_70128837063980'
     from app/views/layouts/application.html.erb:15:in `_app_views_layouts_application_html_erb__1994894208736558808_70128881423760'[0m
  [1m[36mCACHE Usuario Load (0.1ms)[0m  [1m[34mSELECT  "usuarios".* FROM "usuarios" WHERE "usuarios"."id" = $1 LIMIT $2[0m  [["id", 2], ["LIMIT", 1]]
  ↳ app/controllers/application_controller.rb:40
  Query Trace > [1;35mapp/controllers/application_controller.rb:40:in `current_user'
     from app/views/layouts/_menu.html.erb:28:in `_app_views_layouts__menu_html_erb___3223627749978708812_70128837063980'
     from app/views/layouts/application.html.erb:15:in `_app_views_layouts_application_html_erb__1994894208736558808_70128881423760'[0m
  [1m[36mCACHE Perfil Load (0.0ms)[0m  [1m[34mSELECT  "perfis".* FROM "perfis" WHERE "perfis"."id" = $1 LIMIT $2[0m  [["id", 7], ["LIMIT", 1]]
  ↳ app/models/usuario.rb:41
  Query Trace > [1;35mapp/models/usuario.rb:41:in `tem_perfil?'
     from app/views/layouts/_menu.html.erb:28:in `_app_views_layouts__menu_html_erb___3223627749978708812_70128837063980'
     from app/views/layouts/application.html.erb:15:in `_app_views_layouts_application_html_erb__1994894208736558808_70128881423760'[0m
  [1m[36mCACHE Config Load (0.0ms)[0m  [1m[34mSELECT  "configs".* FROM "configs" ORDER BY "configs"."id" ASC LIMIT $1[0m  [["LIMIT", 1]]
  ↳ app/models/config.rb:7
  Query Trace > [1;35mapp/models/config.rb:7:in `instance'
     from app/views/layouts/_menu.html.erb:42:in `_app_views_layouts__menu_html_erb___3223627749978708812_70128837063980'
     from app/views/layouts/application.html.erb:15:in `_app_views_layouts_application_html_erb__1994894208736558808_70128881423760'[0m
  [1m[36mCACHE Config Load (0.0ms)[0m  [1m[34mSELECT  "configs".* FROM "configs" ORDER BY "configs"."id" ASC LIMIT $1[0m  [["LIMIT", 1]]
  ↳ app/models/config.rb:10
  Query Trace > [1;35mapp/models/config.rb:10:in `instance'
     from app/views/layouts/_menu.html.erb:42:in `_app_views_layouts__menu_html_erb___3223627749978708812_70128837063980'
     from app/views/layouts/application.html.erb:15:in `_app_views_layouts_application_html_erb__1994894208736558808_70128881423760'[0m
  Rendered layouts/_menu.html.erb (30.7ms)
Completed 200 OK in 199ms (Views: 119.7ms | ActiveRecord: 45.6ms)


Started GET "/trabalhos" for 127.0.0.1 at 2019-09-05 10:23:35 -0300
Processing by TrabalhosController#index as HTML
  [1m[36mUsuario Load (0.6ms)[0m  [1m[34mSELECT  "usuarios".* FROM "usuarios" WHERE "usuarios"."id" = $1 LIMIT $2[0m  [["id", 2], ["LIMIT", 1]]
  ↳ app/controllers/application_controller.rb:40
  Query Trace > [1;35mapp/controllers/application_controller.rb:40:in `current_user'
     from app/controllers/application_controller.rb:44:in `current_user?'
     from app/controllers/application_controller.rb:36:in `auth_required'[0m
  [1m[36mCACHE Usuario Load (0.0ms)[0m  [1m[34mSELECT  "usuarios".* FROM "usuarios" WHERE "usuarios"."id" = $1 LIMIT $2[0m  [["id", 2], ["LIMIT", 1]]
  ↳ app/controllers/application_controller.rb:40
  Query Trace > [1;35mapp/controllers/application_controller.rb:40:in `current_user'
     from app/controllers/trabalhos_controller.rb:9:in `index'[0m
  [1m[36mPerfil Load (0.3ms)[0m  [1m[34mSELECT  "perfis".* FROM "perfis" WHERE "perfis"."id" = $1 LIMIT $2[0m  [["id", 7], ["LIMIT", 1]]
  ↳ app/models/usuario.rb:41
  Query Trace > [1;35mapp/models/usuario.rb:41:in `tem_perfil?'
     from app/models/usuario.rb:48:in `admin?'
     from app/models/ability.rb:10:in `initialize'
     from app/controllers/trabalhos_controller.rb:9:in `index'[0m
  [1m[36mParticipante Load (0.3ms)[0m  [1m[34mSELECT  "participantes".* FROM "participantes" WHERE "participantes"."id" = $1 LIMIT $2[0m  [["id", 1], ["LIMIT", 1]]
  ↳ app/models/ability.rb:64
  Query Trace > [1;35mapp/models/ability.rb:64:in `initialize'
     from app/controllers/trabalhos_controller.rb:9:in `index'[0m
  [1m[36mConfig Load (0.3ms)[0m  [1m[34mSELECT  "configs".* FROM "configs" ORDER BY "configs"."id" ASC LIMIT $1[0m  [["LIMIT", 1]]
  ↳ app/models/config.rb:7
  Query Trace > [1;35mapp/models/config.rb:7:in `instance'
     from app/models/ability.rb:68:in `initialize'
     from app/controllers/trabalhos_controller.rb:9:in `index'[0m
  [1m[36mCACHE Config Load (0.0ms)[0m  [1m[34mSELECT  "configs".* FROM "configs" ORDER BY "configs"."id" ASC LIMIT $1[0m  [["LIMIT", 1]]
  ↳ app/models/config.rb:10
  Query Trace > [1;35mapp/models/config.rb:10:in `instance'
     from app/models/ability.rb:68:in `initialize'
     from app/controllers/trabalhos_controller.rb:9:in `index'[0m
  [1m[36mCACHE Usuario Load (0.0ms)[0m  [1m[34mSELECT  "usuarios".* FROM "usuarios" WHERE "usuarios"."id" = $1 LIMIT $2[0m  [["id", 2], ["LIMIT", 1]]
  ↳ app/controllers/application_controller.rb:40
  Query Trace > [1;35mapp/controllers/application_controller.rb:40:in `current_user'
     from app/controllers/trabalhos_controller.rb:10:in `index'[0m
  [1m[36mCACHE Participante Load (0.0ms)[0m  [1m[34mSELECT  "participantes".* FROM "participantes" WHERE "participantes"."id" = $1 LIMIT $2[0m  [["id", 1], ["LIMIT", 1]]
  ↳ app/controllers/trabalhos_controller.rb:10
  Query Trace > [1;35mapp/controllers/trabalhos_controller.rb:10:in `index'[0m
  Rendering trabalhos/index.html.erb within layouts/application
  [1m[36mCACHE Config Load (0.0ms)[0m  [1m[34mSELECT  "configs".* FROM "configs" ORDER BY "configs"."id" ASC LIMIT $1[0m  [["LIMIT", 1]]
  ↳ app/models/config.rb:7
  Query Trace > [1;35mapp/models/config.rb:7:in `instance'
     from app/views/trabalhos/index.html.erb:7:in `_app_views_trabalhos_index_html_erb___3037063731441921250_70128886809000'[0m
  [1m[36mCACHE Config Load (0.0ms)[0m  [1m[34mSELECT  "configs".* FROM "configs" ORDER BY "configs"."id" ASC LIMIT $1[0m  [["LIMIT", 1]]
  ↳ app/models/config.rb:10
  Query Trace > [1;35mapp/models/config.rb:10:in `instance'
     from app/views/trabalhos/index.html.erb:7:in `_app_views_trabalhos_index_html_erb___3037063731441921250_70128886809000'[0m
  [1m[36mTrabalho Exists (0.6ms)[0m  [1m[34mSELECT  1 AS one FROM "trabalhos" WHERE "trabalhos"."participante_id" = $1 LIMIT $2[0m  [["participante_id", 1], ["LIMIT", 1]]
  ↳ app/views/trabalhos/index.html.erb:14
  Query Trace > [1;35mapp/views/trabalhos/index.html.erb:14:in `_app_views_trabalhos_index_html_erb___3037063731441921250_70128886809000'[0m
  [1m[36mTrabalho Load (0.2ms)[0m  [1m[34mSELECT "trabalhos".* FROM "trabalhos" WHERE "trabalhos"."participante_id" = $1[0m  [["participante_id", 1]]
  ↳ app/views/trabalhos/index.html.erb:30
  Query Trace > [1;35mapp/views/trabalhos/index.html.erb:30:in `_app_views_trabalhos_index_html_erb___3037063731441921250_70128886809000'[0m
  [1m[36mLinha Load (0.4ms)[0m  [1m[34mSELECT  "linhas".* FROM "linhas" WHERE "linhas"."id" = $1 LIMIT $2[0m  [["id", 20], ["LIMIT", 1]]
  ↳ app/views/trabalhos/index.html.erb:33
  Query Trace > [1;35mapp/views/trabalhos/index.html.erb:33:in `block in _app_views_trabalhos_index_html_erb___3037063731441921250_70128886809000'
     from app/views/trabalhos/index.html.erb:30:in `_app_views_trabalhos_index_html_erb___3037063731441921250_70128886809000'[0m
  [1m[36mEvento Load (0.5ms)[0m  [1m[34mSELECT  "eventos".* FROM "eventos" WHERE "eventos"."id" = $1 LIMIT $2[0m  [["id", 1], ["LIMIT", 1]]
  ↳ app/views/trabalhos/index.html.erb:33
  Query Trace > [1;35mapp/views/trabalhos/index.html.erb:33:in `block in _app_views_trabalhos_index_html_erb___3037063731441921250_70128886809000'
     from app/views/trabalhos/index.html.erb:30:in `_app_views_trabalhos_index_html_erb___3037063731441921250_70128886809000'[0m
  [1m[36mTipoTrabalho Load (40.9ms)[0m  [1m[34mSELECT  "tipo_trabalhos".* FROM "tipo_trabalhos" WHERE "tipo_trabalhos"."id" = $1 LIMIT $2[0m  [["id", 1], ["LIMIT", 1]]
  ↳ app/views/trabalhos/index.html.erb:35
  Query Trace > [1;35mapp/views/trabalhos/index.html.erb:35:in `block in _app_views_trabalhos_index_html_erb___3037063731441921250_70128886809000'
     from app/views/trabalhos/index.html.erb:30:in `_app_views_trabalhos_index_html_erb___3037063731441921250_70128886809000'[0m
  [1m[36mLinha Load (0.3ms)[0m  [1m[34mSELECT  "linhas".* FROM "linhas" WHERE "linhas"."id" = $1 LIMIT $2[0m  [["id", 2], ["LIMIT", 1]]
  ↳ app/views/trabalhos/index.html.erb:33
  Query Trace > [1;35mapp/views/trabalhos/index.html.erb:33:in `block in _app_views_trabalhos_index_html_erb___3037063731441921250_70128886809000'
     from app/views/trabalhos/index.html.erb:30:in `_app_views_trabalhos_index_html_erb___3037063731441921250_70128886809000'[0m
  [1m[36mCACHE Evento Load (0.0ms)[0m  [1m[34mSELECT  "eventos".* FROM "eventos" WHERE "eventos"."id" = $1 LIMIT $2[0m  [["id", 1], ["LIMIT", 1]]
  ↳ app/views/trabalhos/index.html.erb:33
  Query Trace > [1;35mapp/views/trabalhos/index.html.erb:33:in `block in _app_views_trabalhos_index_html_erb___3037063731441921250_70128886809000'
     from app/views/trabalhos/index.html.erb:30:in `_app_views_trabalhos_index_html_erb___3037063731441921250_70128886809000'[0m
  [1m[36mCACHE TipoTrabalho Load (0.0ms)[0m  [1m[34mSELECT  "tipo_trabalhos".* FROM "tipo_trabalhos" WHERE "tipo_trabalhos"."id" = $1 LIMIT $2[0m  [["id", 1], ["LIMIT", 1]]
  ↳ app/views/trabalhos/index.html.erb:35
  Query Trace > [1;35mapp/views/trabalhos/index.html.erb:35:in `block in _app_views_trabalhos_index_html_erb___3037063731441921250_70128886809000'
     from app/views/trabalhos/index.html.erb:30:in `_app_views_trabalhos_index_html_erb___3037063731441921250_70128886809000'[0m
  Rendered trabalhos/index.html.erb within layouts/application (121.2ms)
  Rendered layouts/_bootstrap.html.erb (0.5ms)
  Rendered layouts/_notify.html.erb (0.9ms)
  [1m[36mCACHE Usuario Load (0.0ms)[0m  [1m[34mSELECT  "usuarios".* FROM "usuarios" WHERE "usuarios"."id" = $1 LIMIT $2[0m  [["id", 2], ["LIMIT", 1]]
  ↳ app/controllers/application_controller.rb:40
  Query Trace > [1;35mapp/controllers/application_controller.rb:40:in `current_user'
     from app/controllers/application_controller.rb:44:in `current_user?'
     from app/views/layouts/application.html.erb:14:in `_app_views_layouts_application_html_erb__1994894208736558808_70128837277420'[0m
  [1m[36mCACHE Usuario Load (0.1ms)[0m  [1m[34mSELECT  "usuarios".* FROM "usuarios" WHERE "usuarios"."id" = $1 LIMIT $2[0m  [["id", 2], ["LIMIT", 1]]
  ↳ app/controllers/application_controller.rb:40
  Query Trace > [1;35mapp/controllers/application_controller.rb:40:in `current_user'
     from app/views/layouts/_menu.html.erb:18:in `_app_views_layouts__menu_html_erb___3223627749978708812_70128897726180'
     from app/views/layouts/application.html.erb:15:in `_app_views_layouts_application_html_erb__1994894208736558808_70128837277420'[0m
  [1m[36mCACHE Perfil Load (0.1ms)[0m  [1m[34mSELECT  "perfis".* FROM "perfis" WHERE "perfis"."id" = $1 LIMIT $2[0m  [["id", 7], ["LIMIT", 1]]
  ↳ app/models/usuario.rb:41
  Query Trace > [1;35mapp/models/usuario.rb:41:in `tem_perfil?'
     from app/views/layouts/_menu.html.erb:18:in `_app_views_layouts__menu_html_erb___3223627749978708812_70128897726180'
     from app/views/layouts/application.html.erb:15:in `_app_views_layouts_application_html_erb__1994894208736558808_70128837277420'[0m
  [1m[36mCACHE Usuario Load (0.1ms)[0m  [1m[34mSELECT  "usuarios".* FROM "usuarios" WHERE "usuarios"."id" = $1 LIMIT $2[0m  [["id", 2], ["LIMIT", 1]]
  ↳ app/controllers/application_controller.rb:40
  Query Trace > [1;35mapp/controllers/application_controller.rb:40:in `current_user'
     from app/views/layouts/_menu.html.erb:28:in `_app_views_layouts__menu_html_erb___3223627749978708812_70128897726180'
     from app/views/layouts/application.html.erb:15:in `_app_views_layouts_application_html_erb__1994894208736558808_70128837277420'[0m
  [1m[36mCACHE Perfil Load (0.0ms)[0m  [1m[34mSELECT  "perfis".* FROM "perfis" WHERE "perfis"."id" = $1 LIMIT $2[0m  [["id", 7], ["LIMIT", 1]]
  ↳ app/models/usuario.rb:41
  Query Trace > [1;35mapp/models/usuario.rb:41:in `tem_perfil?'
     from app/views/layouts/_menu.html.erb:28:in `_app_views_layouts__menu_html_erb___3223627749978708812_70128897726180'
     from app/views/layouts/application.html.erb:15:in `_app_views_layouts_application_html_erb__1994894208736558808_70128837277420'[0m
  [1m[36mCACHE Config Load (0.0ms)[0m  [1m[34mSELECT  "configs".* FROM "configs" ORDER BY "configs"."id" ASC LIMIT $1[0m  [["LIMIT", 1]]
  ↳ app/models/config.rb:7
  Query Trace > [1;35mapp/models/config.rb:7:in `instance'
     from app/views/layouts/_menu.html.erb:42:in `_app_views_layouts__menu_html_erb___3223627749978708812_70128897726180'
     from app/views/layouts/application.html.erb:15:in `_app_views_layouts_application_html_erb__1994894208736558808_70128837277420'[0m
  [1m[36mCACHE Config Load (0.0ms)[0m  [1m[34mSELECT  "configs".* FROM "configs" ORDER BY "configs"."id" ASC LIMIT $1[0m  [["LIMIT", 1]]
  ↳ app/models/config.rb:10
  Query Trace > [1;35mapp/models/config.rb:10:in `instance'
     from app/views/layouts/_menu.html.erb:42:in `_app_views_layouts__menu_html_erb___3223627749978708812_70128897726180'
     from app/views/layouts/application.html.erb:15:in `_app_views_layouts_application_html_erb__1994894208736558808_70128837277420'[0m
  Rendered layouts/_menu.html.erb (21.6ms)
Completed 200 OK in 234ms (Views: 159.7ms | ActiveRecord: 56.8ms)


Started GET "/trabalhos/new" for 127.0.0.1 at 2019-09-05 10:23:37 -0300
Processing by TrabalhosController#new as HTML
  [1m[36mUsuario Load (0.3ms)[0m  [1m[34mSELECT  "usuarios".* FROM "usuarios" WHERE "usuarios"."id" = $1 LIMIT $2[0m  [["id", 2], ["LIMIT", 1]]
  ↳ app/controllers/application_controller.rb:40
  Query Trace > [1;35mapp/controllers/application_controller.rb:40:in `current_user'
     from app/controllers/application_controller.rb:44:in `current_user?'
     from app/controllers/application_controller.rb:36:in `auth_required'[0m
  [1m[36mConfig Load (0.4ms)[0m  [1m[34mSELECT  "configs".* FROM "configs" ORDER BY "configs"."id" ASC LIMIT $1[0m  [["LIMIT", 1]]
  ↳ app/models/config.rb:7
  Query Trace > [1;35mapp/models/config.rb:7:in `instance'
     from app/controllers/trabalhos_controller.rb:21:in `new'[0m
  [1m[36mCACHE Config Load (0.0ms)[0m  [1m[34mSELECT  "configs".* FROM "configs" ORDER BY "configs"."id" ASC LIMIT $1[0m  [["LIMIT", 1]]
  ↳ app/models/config.rb:10
  Query Trace > [1;35mapp/models/config.rb:10:in `instance'
     from app/controllers/trabalhos_controller.rb:21:in `new'[0m
  [1m[36mCACHE Usuario Load (0.0ms)[0m  [1m[34mSELECT  "usuarios".* FROM "usuarios" WHERE "usuarios"."id" = $1 LIMIT $2[0m  [["id", 2], ["LIMIT", 1]]
  ↳ app/controllers/application_controller.rb:40
  Query Trace > [1;35mapp/controllers/application_controller.rb:40:in `current_user'
     from app/controllers/trabalhos_controller.rb:23:in `new'[0m
  [1m[36mParticipante Load (0.3ms)[0m  [1m[34mSELECT  "participantes".* FROM "participantes" WHERE "participantes"."id" = $1 LIMIT $2[0m  [["id", 1], ["LIMIT", 1]]
  ↳ app/controllers/trabalhos_controller.rb:23
  Query Trace > [1;35mapp/controllers/trabalhos_controller.rb:23:in `new'[0m
  [1m[36mCACHE Usuario Load (0.0ms)[0m  [1m[34mSELECT  "usuarios".* FROM "usuarios" WHERE "usuarios"."id" = $1 LIMIT $2[0m  [["id", 2], ["LIMIT", 1]]
  ↳ app/controllers/application_controller.rb:40
  Query Trace > [1;35mapp/controllers/application_controller.rb:40:in `current_user'
     from app/controllers/trabalhos_controller.rb:24:in `new'[0m
  [1m[36mCACHE Participante Load (0.0ms)[0m  [1m[34mSELECT  "participantes".* FROM "participantes" WHERE "participantes"."id" = $1 LIMIT $2[0m  [["id", 1], ["LIMIT", 1]]
  ↳ app/controllers/trabalhos_controller.rb:24
  Query Trace > [1;35mapp/controllers/trabalhos_controller.rb:24:in `new'[0m
  [1m[36mUsuario Load (0.3ms)[0m  [1m[34mSELECT  "usuarios".* FROM "usuarios" WHERE "usuarios"."autenticavel_id" = $1 AND "usuarios"."autenticavel_type" = $2 LIMIT $3[0m  [["autenticavel_id", 1], ["autenticavel_type", "Participante"], ["LIMIT", 1]]
  ↳ app/models/participante.rb:62
  Query Trace > [1;35mapp/models/participante.rb:62:in `nome'
     from app/controllers/trabalhos_controller.rb:24:in `new'[0m
  [1m[36mCACHE Usuario Load (0.0ms)[0m  [1m[34mSELECT  "usuarios".* FROM "usuarios" WHERE "usuarios"."id" = $1 LIMIT $2[0m  [["id", 2], ["LIMIT", 1]]
  ↳ app/controllers/application_controller.rb:40
  Query Trace > [1;35mapp/controllers/application_controller.rb:40:in `current_user'
     from app/controllers/trabalhos_controller.rb:25:in `new'[0m
  [1m[36mPerfil Load (0.3ms)[0m  [1m[34mSELECT  "perfis".* FROM "perfis" WHERE "perfis"."id" = $1 LIMIT $2[0m  [["id", 7], ["LIMIT", 1]]
  ↳ app/models/usuario.rb:41
  Query Trace > [1;35mapp/models/usuario.rb:41:in `tem_perfil?'
     from app/models/usuario.rb:48:in `admin?'
     from app/models/ability.rb:10:in `initialize'
     from app/controllers/trabalhos_controller.rb:25:in `new'[0m
  [1m[36mCACHE Participante Load (0.0ms)[0m  [1m[34mSELECT  "participantes".* FROM "participantes" WHERE "participantes"."id" = $1 LIMIT $2[0m  [["id", 1], ["LIMIT", 1]]
  ↳ app/models/ability.rb:64
  Query Trace > [1;35mapp/models/ability.rb:64:in `initialize'
     from app/controllers/trabalhos_controller.rb:25:in `new'[0m
  [1m[36mCACHE Config Load (0.0ms)[0m  [1m[34mSELECT  "configs".* FROM "configs" ORDER BY "configs"."id" ASC LIMIT $1[0m  [["LIMIT", 1]]
  ↳ app/models/config.rb:7
  Query Trace > [1;35mapp/models/config.rb:7:in `instance'
     from app/models/ability.rb:68:in `initialize'
     from app/controllers/trabalhos_controller.rb:25:in `new'[0m
  [1m[36mCACHE Config Load (0.0ms)[0m  [1m[34mSELECT  "configs".* FROM "configs" ORDER BY "configs"."id" ASC LIMIT $1[0m  [["LIMIT", 1]]
  ↳ app/models/config.rb:10
  Query Trace > [1;35mapp/models/config.rb:10:in `instance'
     from app/models/ability.rb:68:in `initialize'
     from app/controllers/trabalhos_controller.rb:25:in `new'[0m
  Rendering trabalhos/new.html.erb within layouts/application
  [1m[36mEvento Load (0.3ms)[0m  [1m[34mSELECT "eventos".* FROM "eventos"[0m
  ↳ app/models/concerns/selectable.rb:7
  Query Trace > [1;35mapp/models/concerns/selectable.rb:7:in `select'
     from app/views/trabalhos/_form.html.erb:123:in `block (2 levels) in _app_views_trabalhos__form_html_erb___1109087647036213008_70128898135900'
     from app/views/trabalhos/_form.html.erb:122:in `block in _app_views_trabalhos__form_html_erb___1109087647036213008_70128898135900'
     from app/views/trabalhos/_form.html.erb:110:in `_app_views_trabalhos__form_html_erb___1109087647036213008_70128898135900'
     from app/views/trabalhos/new.html.erb:12:in `_app_views_trabalhos_new_html_erb___688690930272957000_70128888010000'[0m
  [1m[36mLinha Load (0.4ms)[0m  [1m[34mSELECT "linhas".* FROM "linhas"[0m
  ↳ app/models/concerns/selectable.rb:7
  Query Trace > [1;35mapp/models/concerns/selectable.rb:7:in `select'
     from app/views/trabalhos/_form.html.erb:125:in `block in _app_views_trabalhos__form_html_erb___1109087647036213008_70128898135900'
     from app/views/trabalhos/_form.html.erb:110:in `_app_views_trabalhos__form_html_erb___1109087647036213008_70128898135900'
     from app/views/trabalhos/new.html.erb:12:in `_app_views_trabalhos_new_html_erb___688690930272957000_70128888010000'[0m
  [1m[36mTipoTrabalho Load (0.3ms)[0m  [1m[34mSELECT "tipo_trabalhos".* FROM "tipo_trabalhos"[0m
  ↳ app/models/concerns/selectable.rb:7
  Query Trace > [1;35mapp/models/concerns/selectable.rb:7:in `select'
     from app/views/trabalhos/_form.html.erb:126:in `block in _app_views_trabalhos__form_html_erb___1109087647036213008_70128898135900'
     from app/views/trabalhos/_form.html.erb:110:in `_app_views_trabalhos__form_html_erb___1109087647036213008_70128898135900'
     from app/views/trabalhos/new.html.erb:12:in `_app_views_trabalhos_new_html_erb___688690930272957000_70128888010000'[0m
  [1m[36mCACHE Usuario Load (0.0ms)[0m  [1m[34mSELECT  "usuarios".* FROM "usuarios" WHERE "usuarios"."id" = $1 LIMIT $2[0m  [["id", 2], ["LIMIT", 1]]
  ↳ app/controllers/application_controller.rb:40
  Query Trace > [1;35mapp/controllers/application_controller.rb:40:in `current_user'
     from app/views/trabalhos/_form.html.erb:132:in `block in _app_views_trabalhos__form_html_erb___1109087647036213008_70128898135900'
     from app/views/trabalhos/_form.html.erb:110:in `_app_views_trabalhos__form_html_erb___1109087647036213008_70128898135900'
     from app/views/trabalhos/new.html.erb:12:in `_app_views_trabalhos_new_html_erb___688690930272957000_70128888010000'[0m
  [1m[36mCACHE Perfil Load (0.0ms)[0m  [1m[34mSELECT  "perfis".* FROM "perfis" WHERE "perfis"."id" = $1 LIMIT $2[0m  [["id", 7], ["LIMIT", 1]]
  ↳ app/models/usuario.rb:41
  Query Trace > [1;35mapp/models/usuario.rb:41:in `tem_perfil?'
     from app/models/usuario.rb:48:in `admin?'
     from app/views/trabalhos/_form.html.erb:132:in `block in _app_views_trabalhos__form_html_erb___1109087647036213008_70128898135900'
     from app/views/trabalhos/_form.html.erb:110:in `_app_views_trabalhos__form_html_erb___1109087647036213008_70128898135900'
     from app/views/trabalhos/new.html.erb:12:in `_app_views_trabalhos_new_html_erb___688690930272957000_70128888010000'[0m
  Rendered trabalhos/_form.html.erb (49.3ms)
  Rendered trabalhos/new.html.erb within layouts/application (50.3ms)
  Rendered layouts/_bootstrap.html.erb (0.5ms)
  Rendered layouts/_notify.html.erb (0.7ms)
  [1m[36mCACHE Usuario Load (0.1ms)[0m  [1m[34mSELECT  "usuarios".* FROM "usuarios" WHERE "usuarios"."id" = $1 LIMIT $2[0m  [["id", 2], ["LIMIT", 1]]
  ↳ app/controllers/application_controller.rb:40
  Query Trace > [1;35mapp/controllers/application_controller.rb:40:in `current_user'
     from app/controllers/application_controller.rb:44:in `current_user?'
     from app/views/layouts/application.html.erb:14:in `_app_views_layouts_application_html_erb__1994894208736558808_70128898119300'[0m
  [1m[36mCACHE Usuario Load (0.1ms)[0m  [1m[34mSELECT  "usuarios".* FROM "usuarios" WHERE "usuarios"."id" = $1 LIMIT $2[0m  [["id", 2], ["LIMIT", 1]]
  ↳ app/controllers/application_controller.rb:40
  Query Trace > [1;35mapp/controllers/application_controller.rb:40:in `current_user'
     from app/views/layouts/_menu.html.erb:18:in `_app_views_layouts__menu_html_erb___3223627749978708812_70128853992600'
     from app/views/layouts/application.html.erb:15:in `_app_views_layouts_application_html_erb__1994894208736558808_70128898119300'[0m
  [1m[36mCACHE Perfil Load (0.1ms)[0m  [1m[34mSELECT  "perfis".* FROM "perfis" WHERE "perfis"."id" = $1 LIMIT $2[0m  [["id", 7], ["LIMIT", 1]]
  ↳ app/models/usuario.rb:41
  Query Trace > [1;35mapp/models/usuario.rb:41:in `tem_perfil?'
     from app/views/layouts/_menu.html.erb:18:in `_app_views_layouts__menu_html_erb___3223627749978708812_70128853992600'
     from app/views/layouts/application.html.erb:15:in `_app_views_layouts_application_html_erb__1994894208736558808_70128898119300'[0m
  [1m[36mCACHE Usuario Load (0.0ms)[0m  [1m[34mSELECT  "usuarios".* FROM "usuarios" WHERE "usuarios"."id" = $1 LIMIT $2[0m  [["id", 2], ["LIMIT", 1]]
  ↳ app/controllers/application_controller.rb:40
  Query Trace > [1;35mapp/controllers/application_controller.rb:40:in `current_user'
     from app/views/layouts/_menu.html.erb:28:in `_app_views_layouts__menu_html_erb___3223627749978708812_70128853992600'
     from app/views/layouts/application.html.erb:15:in `_app_views_layouts_application_html_erb__1994894208736558808_70128898119300'[0m
  [1m[36mCACHE Perfil Load (0.0ms)[0m  [1m[34mSELECT  "perfis".* FROM "perfis" WHERE "perfis"."id" = $1 LIMIT $2[0m  [["id", 7], ["LIMIT", 1]]
  ↳ app/models/usuario.rb:41
  Query Trace > [1;35mapp/models/usuario.rb:41:in `tem_perfil?'
     from app/views/layouts/_menu.html.erb:28:in `_app_views_layouts__menu_html_erb___3223627749978708812_70128853992600'
     from app/views/layouts/application.html.erb:15:in `_app_views_layouts_application_html_erb__1994894208736558808_70128898119300'[0m
  [1m[36mCACHE Config Load (0.0ms)[0m  [1m[34mSELECT  "configs".* FROM "configs" ORDER BY "configs"."id" ASC LIMIT $1[0m  [["LIMIT", 1]]
  ↳ app/models/config.rb:7
  Query Trace > [1;35mapp/models/config.rb:7:in `instance'
     from app/views/layouts/_menu.html.erb:42:in `_app_views_layouts__menu_html_erb___3223627749978708812_70128853992600'
     from app/views/layouts/application.html.erb:15:in `_app_views_layouts_application_html_erb__1994894208736558808_70128898119300'[0m
  [1m[36mCACHE Config Load (0.0ms)[0m  [1m[34mSELECT  "configs".* FROM "configs" ORDER BY "configs"."id" ASC LIMIT $1[0m  [["LIMIT", 1]]
  ↳ app/models/config.rb:10
  Query Trace > [1;35mapp/models/config.rb:10:in `instance'
     from app/views/layouts/_menu.html.erb:42:in `_app_views_layouts__menu_html_erb___3223627749978708812_70128853992600'
     from app/views/layouts/application.html.erb:15:in `_app_views_layouts_application_html_erb__1994894208736558808_70128898119300'[0m
  Rendered layouts/_menu.html.erb (20.8ms)
Completed 200 OK in 180ms (Views: 140.0ms | ActiveRecord: 5.9ms)


Started GET "/get_linhas_by_evento/1?_=1567689817906" for 127.0.0.1 at 2019-09-05 10:23:39 -0300
Processing by LinhasController#get_linhas_by_evento as JSON
Started GET "/get_tipo_trabalhos_by_evento/1?_=1567689817907" for 127.0.0.1 at 2019-09-05 10:23:39 -0300
  Parameters: {"_"=>"1567689817906", "evento_id"=>"1"}
  [1m[36mLinha Load (1.0ms)[0m  [1m[34mSELECT "linhas".* FROM "linhas" WHERE (evento_id = '1') ORDER BY "linhas"."nome" ASC[0m
  ↳ app/controllers/linhas_controller.rb:15
  Query Trace > [1;35mapp/controllers/linhas_controller.rb:15:in `block (2 levels) in get_linhas_by_evento'
     from app/controllers/linhas_controller.rb:14:in `get_linhas_by_evento'[0m
Completed 200 OK in 15ms (Views: 12.1ms | ActiveRecord: 1.0ms)


  [1m[36mConfig Load (1.1ms)[0m  [1m[34mSELECT  "configs".* FROM "configs" ORDER BY "configs"."id" ASC LIMIT $1[0m  [["LIMIT", 1]]
  ↳ config/routes.rb:52
  [1m[36mCACHE Config Load (0.0ms)[0m  [1m[34mSELECT  "configs".* FROM "configs" ORDER BY "configs"."id" ASC LIMIT $1[0m  [["LIMIT", 1]]
  ↳ app/models/config.rb:7
  Query Trace > [1;35mapp/models/config.rb:7:in `instance'[0m
  [1m[36mCACHE Config Load (0.1ms)[0m  [1m[34mSELECT  "configs".* FROM "configs" ORDER BY "configs"."id" ASC LIMIT $1[0m  [["LIMIT", 1]]
  ↳ app/models/config.rb:10
  Query Trace > [1;35mapp/models/config.rb:10:in `instance'[0m
  [1m[35m (0.7ms)[0m  [1m[34mSELECT "schema_migrations"."version" FROM "schema_migrations" ORDER BY "schema_migrations"."version" ASC[0m
  ↳ /Users/max/.rvm/gems/ruby-2.6.3/gems/activerecord-5.2.0/lib/active_record/log_subscriber.rb:98
Processing by TipoTrabalhosController#get_tipo_trabalhos_by_evento as JSON
  Parameters: {"_"=>"1567689817907", "evento_id"=>"1"}
  [1m[36mTipoTrabalho Load (0.7ms)[0m  [1m[34mSELECT "tipo_trabalhos".* FROM "tipo_trabalhos" WHERE (evento_id = '1')[0m
  ↳ app/controllers/tipo_trabalhos_controller.rb:15
  Query Trace > [1;35mapp/controllers/tipo_trabalhos_controller.rb:15:in `block (2 levels) in get_tipo_trabalhos_by_evento'
     from app/controllers/tipo_trabalhos_controller.rb:14:in `get_tipo_trabalhos_by_evento'[0m
Completed 200 OK in 23ms (Views: 10.4ms | ActiveRecord: 3.4ms)


Started POST "/trabalhos" for 127.0.0.1 at 2019-09-05 10:23:52 -0300
Processing by TrabalhosController#create as HTML
  Parameters: {"utf8"=>"✓", "authenticity_token"=>"gVR8Zp2mJEEakqFwoDSPZyhLM21a3QNBn6vfnXDHYFMTqFD4SNOHN9ar51psUomN3VCLsUokkHEwVGgqqE4fsQ==", "trabalho"=>{"linha"=>{"evento_id"=>"1"}, "linha_id"=>"3", "tipo_trabalho_id"=>"1", "titulo"=>"ksjdjsadjkl", "resumo"=>"sajkhasdjkhsajk", "autores_attributes"=>{"0"=>{"nome"=>"Max Miller da Silveira", "_destroy"=>"false"}}, "arquivo"=>#<ActionDispatch::Http::UploadedFile:0x00007f904e285880 @tempfile=#<Tempfile:/var/folders/4n/zyxdyyg531z1fb1lqnd3g_xh0000gn/T/RackMultipart20190905-18345-10k1gdx.docx>, @original_filename="Prova-convertido.docx", @content_type="application/vnd.openxmlformats-officedocument.wordprocessingml.document", @headers="Content-Disposition: form-data; name=\"trabalho[arquivo]\"; filename=\"Prova-convertido.docx\"\r\nContent-Type: application/vnd.openxmlformats-officedocument.wordprocessingml.document\r\n">}, "commit"=>"Enviar"}
  [1m[36mUsuario Load (0.3ms)[0m  [1m[34mSELECT  "usuarios".* FROM "usuarios" WHERE "usuarios"."id" = $1 LIMIT $2[0m  [["id", 2], ["LIMIT", 1]]
  ↳ app/controllers/application_controller.rb:40
  Query Trace > [1;35mapp/controllers/application_controller.rb:40:in `current_user'
     from app/controllers/trabalhos_controller.rb:115:in `set_participante'[0m
  [1m[36mCACHE Usuario Load (0.0ms)[0m  [1m[34mSELECT  "usuarios".* FROM "usuarios" WHERE "usuarios"."id" = $1 LIMIT $2[0m  [["id", 2], ["LIMIT", 1]]
  ↳ app/controllers/application_controller.rb:40
  Query Trace > [1;35mapp/controllers/application_controller.rb:40:in `current_user'
     from app/controllers/trabalhos_controller.rb:116:in `set_participante'[0m
  [1m[36mParticipante Load (0.3ms)[0m  [1m[34mSELECT  "participantes".* FROM "participantes" WHERE "participantes"."id" = $1 LIMIT $2[0m  [["id", 1], ["LIMIT", 1]]
  ↳ app/controllers/trabalhos_controller.rb:116
  Query Trace > [1;35mapp/controllers/trabalhos_controller.rb:116:in `set_participante'[0m
  [1m[36mCACHE Usuario Load (0.0ms)[0m  [1m[34mSELECT  "usuarios".* FROM "usuarios" WHERE "usuarios"."id" = $1 LIMIT $2[0m  [["id", 2], ["LIMIT", 1]]
  ↳ app/controllers/application_controller.rb:40
  Query Trace > [1;35mapp/controllers/application_controller.rb:40:in `current_user'
     from app/controllers/application_controller.rb:44:in `current_user?'
     from app/controllers/application_controller.rb:36:in `auth_required'[0m
Unpermitted parameter: :_destroy
Unpermitted parameter: :linha
[paperclip] Trying to link /var/folders/4n/zyxdyyg531z1fb1lqnd3g_xh0000gn/T/RackMultipart20190905-18345-10k1gdx.docx to /var/folders/4n/zyxdyyg531z1fb1lqnd3g_xh0000gn/T/24daa67d1d796bd42f6cf78bd4ea9c6e20190905-18345-lk9spk.docx
[paperclip] Trying to link /var/folders/4n/zyxdyyg531z1fb1lqnd3g_xh0000gn/T/24daa67d1d796bd42f6cf78bd4ea9c6e20190905-18345-lk9spk.docx to /var/folders/4n/zyxdyyg531z1fb1lqnd3g_xh0000gn/T/24daa67d1d796bd42f6cf78bd4ea9c6e20190905-18345-4uh1r5.docx
Command :: file -b --mime '/var/folders/4n/zyxdyyg531z1fb1lqnd3g_xh0000gn/T/24daa67d1d796bd42f6cf78bd4ea9c6e20190905-18345-4uh1r5.docx'
  [1m[36mCACHE Usuario Load (0.0ms)[0m  [1m[34mSELECT  "usuarios".* FROM "usuarios" WHERE "usuarios"."id" = $1 LIMIT $2[0m  [["id", 2], ["LIMIT", 1]]
  ↳ app/controllers/application_controller.rb:40
  Query Trace > [1;35mapp/controllers/application_controller.rb:40:in `current_user'
     from app/controllers/trabalhos_controller.rb:42:in `create'[0m
  [1m[36mPerfil Load (0.4ms)[0m  [1m[34mSELECT  "perfis".* FROM "perfis" WHERE "perfis"."id" = $1 LIMIT $2[0m  [["id", 7], ["LIMIT", 1]]
  ↳ app/models/usuario.rb:41
  Query Trace > [1;35mapp/models/usuario.rb:41:in `tem_perfil?'
     from app/models/usuario.rb:48:in `admin?'
     from app/models/ability.rb:10:in `initialize'
     from app/controllers/trabalhos_controller.rb:42:in `create'[0m
  [1m[36mCACHE Participante Load (0.0ms)[0m  [1m[34mSELECT  "participantes".* FROM "participantes" WHERE "participantes"."id" = $1 LIMIT $2[0m  [["id", 1], ["LIMIT", 1]]
  ↳ app/models/ability.rb:64
  Query Trace > [1;35mapp/models/ability.rb:64:in `initialize'
     from app/controllers/trabalhos_controller.rb:42:in `create'[0m
  [1m[36mConfig Load (0.4ms)[0m  [1m[34mSELECT  "configs".* FROM "configs" ORDER BY "configs"."id" ASC LIMIT $1[0m  [["LIMIT", 1]]
  ↳ app/models/config.rb:7
  Query Trace > [1;35mapp/models/config.rb:7:in `instance'
     from app/models/ability.rb:68:in `initialize'
     from app/controllers/trabalhos_controller.rb:42:in `create'[0m
  [1m[36mCACHE Config Load (0.0ms)[0m  [1m[34mSELECT  "configs".* FROM "configs" ORDER BY "configs"."id" ASC LIMIT $1[0m  [["LIMIT", 1]]
  ↳ app/models/config.rb:10
  Query Trace > [1;35mapp/models/config.rb:10:in `instance'
     from app/models/ability.rb:68:in `initialize'
     from app/controllers/trabalhos_controller.rb:42:in `create'[0m
  [1m[35m (0.2ms)[0m  [1m[35mBEGIN[0m
  ↳ app/controllers/trabalhos_controller.rb:44
  Query Trace > [1;35mapp/controllers/trabalhos_controller.rb:44:in `block in create'
     from app/controllers/trabalhos_controller.rb:43:in `create'[0m
  [1m[36mLinha Load (0.7ms)[0m  [1m[34mSELECT  "linhas".* FROM "linhas" WHERE "linhas"."id" = $1 LIMIT $2[0m  [["id", 3], ["LIMIT", 1]]
  ↳ app/controllers/trabalhos_controller.rb:44
  Query Trace > [1;35mapp/controllers/trabalhos_controller.rb:44:in `block in create'
     from app/controllers/trabalhos_controller.rb:43:in `create'[0m
  [1m[36mCACHE Participante Load (0.0ms)[0m  [1m[34mSELECT  "participantes".* FROM "participantes" WHERE "participantes"."id" = $1 LIMIT $2[0m  [["id", 1], ["LIMIT", 1]]
  ↳ app/controllers/trabalhos_controller.rb:44
  Query Trace > [1;35mapp/controllers/trabalhos_controller.rb:44:in `block in create'
     from app/controllers/trabalhos_controller.rb:43:in `create'[0m
  [1m[36mTipoTrabalho Load (0.3ms)[0m  [1m[34mSELECT  "tipo_trabalhos".* FROM "tipo_trabalhos" WHERE "tipo_trabalhos"."id" = $1 LIMIT $2[0m  [["id", 1], ["LIMIT", 1]]
  ↳ app/controllers/trabalhos_controller.rb:44
  Query Trace > [1;35mapp/controllers/trabalhos_controller.rb:44:in `block in create'
     from app/controllers/trabalhos_controller.rb:43:in `create'[0m
[paperclip] Trying to link /var/folders/4n/zyxdyyg531z1fb1lqnd3g_xh0000gn/T/24daa67d1d796bd42f6cf78bd4ea9c6e20190905-18345-lk9spk.docx to /var/folders/4n/zyxdyyg531z1fb1lqnd3g_xh0000gn/T/24daa67d1d796bd42f6cf78bd4ea9c6e20190905-18345-123xrmw.docx
Command :: file -b --mime '/var/folders/4n/zyxdyyg531z1fb1lqnd3g_xh0000gn/T/24daa67d1d796bd42f6cf78bd4ea9c6e20190905-18345-123xrmw.docx'
  [1m[36mTrabalho Create (1.1ms)[0m  [1m[32mINSERT INTO "trabalhos" ("titulo", "resumo", "linha_id", "participante_id", "tipo_trabalho_id", "created_at", "updated_at", "arquivo_file_name", "arquivo_content_type", "arquivo_file_size", "arquivo_updated_at", "situacao") VALUES ($1, $2, $3, $4, $5, $6, $7, $8, $9, $10, $11, $12) RETURNING "id"[0m  [["titulo", "ksjdjsadjkl"], ["resumo", "sajkhasdjkhsajk"], ["linha_id", 3], ["participante_id", 1], ["tipo_trabalho_id", 1], ["created_at", "2019-09-05 13:23:52.881589"], ["updated_at", "2019-09-05 13:23:52.881589"], ["arquivo_file_name", "Prova-convertido.docx"], ["arquivo_content_type", "application/vnd.openxmlformats-officedocument.wordprocessingml.document"], ["arquivo_file_size", 181773], ["arquivo_updated_at", "2019-09-05 13:23:52.826761"], ["situacao", 0]]
  ↳ app/controllers/trabalhos_controller.rb:44
  Query Trace > [1;35mapp/controllers/trabalhos_controller.rb:44:in `block in create'
     from app/controllers/trabalhos_controller.rb:43:in `create'[0m
  [1m[36mAutor Create (0.6ms)[0m  [1m[32mINSERT INTO "autores" ("nome", "trabalho_id", "created_at", "updated_at") VALUES ($1, $2, $3, $4) RETURNING "id"[0m  [["nome", "Max Miller da Silveira"], ["trabalho_id", 5], ["created_at", "2019-09-05 13:23:52.885844"], ["updated_at", "2019-09-05 13:23:52.885844"]]
  ↳ app/controllers/trabalhos_controller.rb:44
  Query Trace > [1;35mapp/controllers/trabalhos_controller.rb:44:in `block in create'
     from app/controllers/trabalhos_controller.rb:43:in `create'[0m
  [1m[35m (1.7ms)[0m  [1m[35mCOMMIT[0m
  ↳ app/controllers/trabalhos_controller.rb:44
  Query Trace > [1;35mapp/controllers/trabalhos_controller.rb:44:in `block in create'
     from app/controllers/trabalhos_controller.rb:43:in `create'[0m
  [1m[36mUsuario Load (0.3ms)[0m  [1m[34mSELECT  "usuarios".* FROM "usuarios" WHERE "usuarios"."autenticavel_id" = $1 AND "usuarios"."autenticavel_type" = $2 LIMIT $3[0m  [["autenticavel_id", 1], ["autenticavel_type", "Participante"], ["LIMIT", 1]]
  ↳ app/models/participante.rb:58
  Query Trace > [1;35mapp/models/participante.rb:58:in `email'
     from app/mailers/participante_mailer.rb:12:in `trabalho_submetido'
     from app/controllers/trabalhos_controller.rb:45:in `block in create'
     from app/controllers/trabalhos_controller.rb:43:in `create'[0m
  Rendering participante_mailer/trabalho_submetido.html.erb within layouts/mailer
  Rendered participante_mailer/trabalho_submetido.html.erb within layouts/mailer (0.7ms)
  [1m[36mConfig Load (0.4ms)[0m  [1m[34mSELECT  "configs".* FROM "configs" ORDER BY "configs"."id" ASC LIMIT $1[0m  [["LIMIT", 1]]
  ↳ app/models/config.rb:7
  Query Trace > [1;35mapp/models/config.rb:7:in `instance'
     from app/views/layouts/mailer.html.erb:7:in `_app_views_layouts_mailer_html_erb___3153784702236039342_70128882806060'
     from app/mailers/participante_mailer.rb:12:in `trabalho_submetido'
     from app/controllers/trabalhos_controller.rb:45:in `block in create'
     from app/controllers/trabalhos_controller.rb:43:in `create'[0m
  [1m[36mCACHE Config Load (0.0ms)[0m  [1m[34mSELECT  "configs".* FROM "configs" ORDER BY "configs"."id" ASC LIMIT $1[0m  [["LIMIT", 1]]
  ↳ app/models/config.rb:10
  Query Trace > [1;35mapp/models/config.rb:10:in `instance'
     from app/views/layouts/mailer.html.erb:7:in `_app_views_layouts_mailer_html_erb___3153784702236039342_70128882806060'
     from app/mailers/participante_mailer.rb:12:in `trabalho_submetido'
     from app/controllers/trabalhos_controller.rb:45:in `block in create'
     from app/controllers/trabalhos_controller.rb:43:in `create'[0m
  [1m[36mCACHE Config Load (0.0ms)[0m  [1m[34mSELECT  "configs".* FROM "configs" ORDER BY "configs"."id" ASC LIMIT $1[0m  [["LIMIT", 1]]
  ↳ app/models/config.rb:14
  Query Trace > [1;35mapp/models/config.rb:14:in `dev?'
     from app/views/layouts/mailer.html.erb:7:in `_app_views_layouts_mailer_html_erb___3153784702236039342_70128882806060'
     from app/mailers/participante_mailer.rb:12:in `trabalho_submetido'
     from app/controllers/trabalhos_controller.rb:45:in `block in create'
     from app/controllers/trabalhos_controller.rb:43:in `create'[0m
ParticipanteMailer#trabalho_submetido: processed outbound mail in 38.0ms
Sent mail to aspmiller007@gmail.com (5132.5ms)
Date: Thu, 05 Sep 2019 10:23:53 -0300
From: expotec.ca@ifrn.edu.br
To: aspmiller007@gmail.com
Message-ID: <5d710c69f7ad_47a93fc826901428758c8@MaxPro2015.local.mail>
Subject: [IV SECITEX] Trabalho submetido com sucesso!
Mime-Version: 1.0
Content-Type: text/html;
 charset=UTF-8
Content-Transfer-Encoding: quoted-printable

<!DOCTYPE html>
<html>
  <head>
    <meta content=3D'text/html; charset=3DUTF-8' http-equiv=3D'Content-Ty=
pe' />
  </head>
  <body>
      <p style=3D"color: red;font-weight: bold">ATEN=C3=87=C3=83O: Essa =C3=
=A9 uma mensagem de teste do sistema da VI EXPOTEC. Por favor ignore.</p>=


    <p>Caro(a) Max Miller da Silveira,</p>

<p>Seu trabalho para a IV SECITEX foi submetido com sucesso e ser=C3=A1 a=
valiado pela comiss=C3=A3o organizadora.</p>

<p>
  Voc=C3=AA ser=C3=A1 notificado via e-mail caso o seu trabalho seja apro=
vado ou n=C3=A3o, contudo, pode acompanhar a atual situa=C3=A7=C3=A3o da =
avalia=C3=A7=C3=A3o atrav=C3=A9s do endere=C3=A7o <a href=3D"http://submi=
ssaosecitex.ifrn.edu.br">http://submissaosecitex.ifrn.edu.br</a>, clicand=
o na aba 'Trabalhos', e, em seguida, selecionando o trabalho que deseja v=
erificar a avalia=C3=A7=C3=A3o.
</p>



    <p>Ficamos a disposi=C3=A7=C3=A3o caso tenha problemas ou d=C3=BAvida=
s.</p>

    <p>
      Atenciosamente,<br>
      Comiss=C3=A3o Organizadora da VI EXPOTEC<br>
      <a href=3D"mailto:expotec.ca@ifrn.edu.br">expotec.ca@ifrn.edu.br</a=
>
    </p>
  </body>
</html>

Completed 500 Internal Server Error in 5375ms (ActiveRecord: 6.9ms)



Net::SMTPSyntaxError - 504 5.7.4 Unrecognized authentication type
:
  app/controllers/trabalhos_controller.rb:45:in `block in create'
  app/controllers/trabalhos_controller.rb:43:in `create'

Started POST "/__better_errors/19dad574f1e2c0f2/variables" for 127.0.0.1 at 2019-09-05 10:23:58 -0300
Started GET "/trabalhos" for 127.0.0.1 at 2019-09-05 10:25:27 -0300
Processing by TrabalhosController#index as HTML
  [1m[36mUsuario Load (0.6ms)[0m  [1m[34mSELECT  "usuarios".* FROM "usuarios" WHERE "usuarios"."id" = $1 LIMIT $2[0m  [["id", 2], ["LIMIT", 1]]
  ↳ app/controllers/application_controller.rb:40
  Query Trace > [1;35mapp/controllers/application_controller.rb:40:in `current_user'
     from app/controllers/application_controller.rb:44:in `current_user?'
     from app/controllers/application_controller.rb:36:in `auth_required'[0m
  [1m[36mCACHE Usuario Load (0.1ms)[0m  [1m[34mSELECT  "usuarios".* FROM "usuarios" WHERE "usuarios"."id" = $1 LIMIT $2[0m  [["id", 2], ["LIMIT", 1]]
  ↳ app/controllers/application_controller.rb:40
  Query Trace > [1;35mapp/controllers/application_controller.rb:40:in `current_user'
     from app/controllers/trabalhos_controller.rb:9:in `index'[0m
  [1m[36mPerfil Load (0.3ms)[0m  [1m[34mSELECT  "perfis".* FROM "perfis" WHERE "perfis"."id" = $1 LIMIT $2[0m  [["id", 7], ["LIMIT", 1]]
  ↳ app/models/usuario.rb:41
  Query Trace > [1;35mapp/models/usuario.rb:41:in `tem_perfil?'
     from app/models/usuario.rb:48:in `admin?'
     from app/models/ability.rb:10:in `initialize'
     from app/controllers/trabalhos_controller.rb:9:in `index'[0m
  [1m[36mParticipante Load (0.5ms)[0m  [1m[34mSELECT  "participantes".* FROM "participantes" WHERE "participantes"."id" = $1 LIMIT $2[0m  [["id", 1], ["LIMIT", 1]]
  ↳ app/models/ability.rb:64
  Query Trace > [1;35mapp/models/ability.rb:64:in `initialize'
     from app/controllers/trabalhos_controller.rb:9:in `index'[0m
  [1m[36mConfig Load (0.7ms)[0m  [1m[34mSELECT  "configs".* FROM "configs" ORDER BY "configs"."id" ASC LIMIT $1[0m  [["LIMIT", 1]]
  ↳ app/models/config.rb:7
  Query Trace > [1;35mapp/models/config.rb:7:in `instance'
     from app/models/ability.rb:68:in `initialize'
     from app/controllers/trabalhos_controller.rb:9:in `index'[0m
  [1m[36mCACHE Config Load (0.0ms)[0m  [1m[34mSELECT  "configs".* FROM "configs" ORDER BY "configs"."id" ASC LIMIT $1[0m  [["LIMIT", 1]]
  ↳ app/models/config.rb:10
  Query Trace > [1;35mapp/models/config.rb:10:in `instance'
     from app/models/ability.rb:68:in `initialize'
     from app/controllers/trabalhos_controller.rb:9:in `index'[0m
  [1m[36mCACHE Usuario Load (0.1ms)[0m  [1m[34mSELECT  "usuarios".* FROM "usuarios" WHERE "usuarios"."id" = $1 LIMIT $2[0m  [["id", 2], ["LIMIT", 1]]
  ↳ app/controllers/application_controller.rb:40
  Query Trace > [1;35mapp/controllers/application_controller.rb:40:in `current_user'
     from app/controllers/trabalhos_controller.rb:10:in `index'[0m
  [1m[36mCACHE Participante Load (0.0ms)[0m  [1m[34mSELECT  "participantes".* FROM "participantes" WHERE "participantes"."id" = $1 LIMIT $2[0m  [["id", 1], ["LIMIT", 1]]
  ↳ app/controllers/trabalhos_controller.rb:10
  Query Trace > [1;35mapp/controllers/trabalhos_controller.rb:10:in `index'[0m
  Rendering trabalhos/index.html.erb within layouts/application
  [1m[36mCACHE Config Load (0.0ms)[0m  [1m[34mSELECT  "configs".* FROM "configs" ORDER BY "configs"."id" ASC LIMIT $1[0m  [["LIMIT", 1]]
  ↳ app/models/config.rb:7
  Query Trace > [1;35mapp/models/config.rb:7:in `instance'
     from app/views/trabalhos/index.html.erb:7:in `_app_views_trabalhos_index_html_erb___3037063731441921250_70128872494420'[0m
  [1m[36mCACHE Config Load (0.0ms)[0m  [1m[34mSELECT  "configs".* FROM "configs" ORDER BY "configs"."id" ASC LIMIT $1[0m  [["LIMIT", 1]]
  ↳ app/models/config.rb:10
  Query Trace > [1;35mapp/models/config.rb:10:in `instance'
     from app/views/trabalhos/index.html.erb:7:in `_app_views_trabalhos_index_html_erb___3037063731441921250_70128872494420'[0m
  [1m[36mTrabalho Exists (0.4ms)[0m  [1m[34mSELECT  1 AS one FROM "trabalhos" WHERE "trabalhos"."participante_id" = $1 LIMIT $2[0m  [["participante_id", 1], ["LIMIT", 1]]
  ↳ app/views/trabalhos/index.html.erb:14
  Query Trace > [1;35mapp/views/trabalhos/index.html.erb:14:in `_app_views_trabalhos_index_html_erb___3037063731441921250_70128872494420'[0m
  [1m[36mTrabalho Load (0.6ms)[0m  [1m[34mSELECT "trabalhos".* FROM "trabalhos" WHERE "trabalhos"."participante_id" = $1[0m  [["participante_id", 1]]
  ↳ app/views/trabalhos/index.html.erb:30
  Query Trace > [1;35mapp/views/trabalhos/index.html.erb:30:in `_app_views_trabalhos_index_html_erb___3037063731441921250_70128872494420'[0m
  [1m[36mLinha Load (0.4ms)[0m  [1m[34mSELECT  "linhas".* FROM "linhas" WHERE "linhas"."id" = $1 LIMIT $2[0m  [["id", 3], ["LIMIT", 1]]
  ↳ app/views/trabalhos/index.html.erb:33
  Query Trace > [1;35mapp/views/trabalhos/index.html.erb:33:in `block in _app_views_trabalhos_index_html_erb___3037063731441921250_70128872494420'
     from app/views/trabalhos/index.html.erb:30:in `_app_views_trabalhos_index_html_erb___3037063731441921250_70128872494420'[0m
  [1m[36mEvento Load (0.5ms)[0m  [1m[34mSELECT  "eventos".* FROM "eventos" WHERE "eventos"."id" = $1 LIMIT $2[0m  [["id", 1], ["LIMIT", 1]]
  ↳ app/views/trabalhos/index.html.erb:33
  Query Trace > [1;35mapp/views/trabalhos/index.html.erb:33:in `block in _app_views_trabalhos_index_html_erb___3037063731441921250_70128872494420'
     from app/views/trabalhos/index.html.erb:30:in `_app_views_trabalhos_index_html_erb___3037063731441921250_70128872494420'[0m
  [1m[36mTipoTrabalho Load (1.1ms)[0m  [1m[34mSELECT  "tipo_trabalhos".* FROM "tipo_trabalhos" WHERE "tipo_trabalhos"."id" = $1 LIMIT $2[0m  [["id", 1], ["LIMIT", 1]]
  ↳ app/views/trabalhos/index.html.erb:35
  Query Trace > [1;35mapp/views/trabalhos/index.html.erb:35:in `block in _app_views_trabalhos_index_html_erb___3037063731441921250_70128872494420'
     from app/views/trabalhos/index.html.erb:30:in `_app_views_trabalhos_index_html_erb___3037063731441921250_70128872494420'[0m
  [1m[36mLinha Load (0.5ms)[0m  [1m[34mSELECT  "linhas".* FROM "linhas" WHERE "linhas"."id" = $1 LIMIT $2[0m  [["id", 20], ["LIMIT", 1]]
  ↳ app/views/trabalhos/index.html.erb:33
  Query Trace > [1;35mapp/views/trabalhos/index.html.erb:33:in `block in _app_views_trabalhos_index_html_erb___3037063731441921250_70128872494420'
     from app/views/trabalhos/index.html.erb:30:in `_app_views_trabalhos_index_html_erb___3037063731441921250_70128872494420'[0m
  [1m[36mCACHE Evento Load (0.0ms)[0m  [1m[34mSELECT  "eventos".* FROM "eventos" WHERE "eventos"."id" = $1 LIMIT $2[0m  [["id", 1], ["LIMIT", 1]]
  ↳ app/views/trabalhos/index.html.erb:33
  Query Trace > [1;35mapp/views/trabalhos/index.html.erb:33:in `block in _app_views_trabalhos_index_html_erb___3037063731441921250_70128872494420'
     from app/views/trabalhos/index.html.erb:30:in `_app_views_trabalhos_index_html_erb___3037063731441921250_70128872494420'[0m
  [1m[36mCACHE TipoTrabalho Load (0.0ms)[0m  [1m[34mSELECT  "tipo_trabalhos".* FROM "tipo_trabalhos" WHERE "tipo_trabalhos"."id" = $1 LIMIT $2[0m  [["id", 1], ["LIMIT", 1]]
  ↳ app/views/trabalhos/index.html.erb:35
  Query Trace > [1;35mapp/views/trabalhos/index.html.erb:35:in `block in _app_views_trabalhos_index_html_erb___3037063731441921250_70128872494420'
     from app/views/trabalhos/index.html.erb:30:in `_app_views_trabalhos_index_html_erb___3037063731441921250_70128872494420'[0m
  [1m[36mLinha Load (0.4ms)[0m  [1m[34mSELECT  "linhas".* FROM "linhas" WHERE "linhas"."id" = $1 LIMIT $2[0m  [["id", 2], ["LIMIT", 1]]
  ↳ app/views/trabalhos/index.html.erb:33
  Query Trace > [1;35mapp/views/trabalhos/index.html.erb:33:in `block in _app_views_trabalhos_index_html_erb___3037063731441921250_70128872494420'
     from app/views/trabalhos/index.html.erb:30:in `_app_views_trabalhos_index_html_erb___3037063731441921250_70128872494420'[0m
  [1m[36mCACHE Evento Load (0.0ms)[0m  [1m[34mSELECT  "eventos".* FROM "eventos" WHERE "eventos"."id" = $1 LIMIT $2[0m  [["id", 1], ["LIMIT", 1]]
  ↳ app/views/trabalhos/index.html.erb:33
  Query Trace > [1;35mapp/views/trabalhos/index.html.erb:33:in `block in _app_views_trabalhos_index_html_erb___3037063731441921250_70128872494420'
     from app/views/trabalhos/index.html.erb:30:in `_app_views_trabalhos_index_html_erb___3037063731441921250_70128872494420'[0m
  [1m[36mCACHE TipoTrabalho Load (0.0ms)[0m  [1m[34mSELECT  "tipo_trabalhos".* FROM "tipo_trabalhos" WHERE "tipo_trabalhos"."id" = $1 LIMIT $2[0m  [["id", 1], ["LIMIT", 1]]
  ↳ app/views/trabalhos/index.html.erb:35
  Query Trace > [1;35mapp/views/trabalhos/index.html.erb:35:in `block in _app_views_trabalhos_index_html_erb___3037063731441921250_70128872494420'
     from app/views/trabalhos/index.html.erb:30:in `_app_views_trabalhos_index_html_erb___3037063731441921250_70128872494420'[0m
  Rendered trabalhos/index.html.erb within layouts/application (41.5ms)
  Rendered layouts/_bootstrap.html.erb (0.6ms)
  Rendered layouts/_notify.html.erb (2.8ms)
  [1m[36mCACHE Usuario Load (0.1ms)[0m  [1m[34mSELECT  "usuarios".* FROM "usuarios" WHERE "usuarios"."id" = $1 LIMIT $2[0m  [["id", 2], ["LIMIT", 1]]
  ↳ app/controllers/application_controller.rb:40
  Query Trace > [1;35mapp/controllers/application_controller.rb:40:in `current_user'
     from app/controllers/application_controller.rb:44:in `current_user?'
     from app/views/layouts/application.html.erb:14:in `_app_views_layouts_application_html_erb__1994894208736558808_70128872523020'[0m
  [1m[36mCACHE Usuario Load (0.0ms)[0m  [1m[34mSELECT  "usuarios".* FROM "usuarios" WHERE "usuarios"."id" = $1 LIMIT $2[0m  [["id", 2], ["LIMIT", 1]]
  ↳ app/controllers/application_controller.rb:40
  Query Trace > [1;35mapp/controllers/application_controller.rb:40:in `current_user'
     from app/views/layouts/_menu.html.erb:18:in `_app_views_layouts__menu_html_erb___3223627749978708812_70128882509880'
     from app/views/layouts/application.html.erb:15:in `_app_views_layouts_application_html_erb__1994894208736558808_70128872523020'[0m
  [1m[36mCACHE Perfil Load (0.0ms)[0m  [1m[34mSELECT  "perfis".* FROM "perfis" WHERE "perfis"."id" = $1 LIMIT $2[0m  [["id", 7], ["LIMIT", 1]]
  ↳ app/models/usuario.rb:41
  Query Trace > [1;35mapp/models/usuario.rb:41:in `tem_perfil?'
     from app/views/layouts/_menu.html.erb:18:in `_app_views_layouts__menu_html_erb___3223627749978708812_70128882509880'
     from app/views/layouts/application.html.erb:15:in `_app_views_layouts_application_html_erb__1994894208736558808_70128872523020'[0m
  [1m[36mCACHE Usuario Load (0.2ms)[0m  [1m[34mSELECT  "usuarios".* FROM "usuarios" WHERE "usuarios"."id" = $1 LIMIT $2[0m  [["id", 2], ["LIMIT", 1]]
  ↳ app/controllers/application_controller.rb:40
  Query Trace > [1;35mapp/controllers/application_controller.rb:40:in `current_user'
     from app/views/layouts/_menu.html.erb:28:in `_app_views_layouts__menu_html_erb___3223627749978708812_70128882509880'
     from app/views/layouts/application.html.erb:15:in `_app_views_layouts_application_html_erb__1994894208736558808_70128872523020'[0m
  [1m[36mCACHE Perfil Load (0.0ms)[0m  [1m[34mSELECT  "perfis".* FROM "perfis" WHERE "perfis"."id" = $1 LIMIT $2[0m  [["id", 7], ["LIMIT", 1]]
  ↳ app/models/usuario.rb:41
  Query Trace > [1;35mapp/models/usuario.rb:41:in `tem_perfil?'
     from app/views/layouts/_menu.html.erb:28:in `_app_views_layouts__menu_html_erb___3223627749978708812_70128882509880'
     from app/views/layouts/application.html.erb:15:in `_app_views_layouts_application_html_erb__1994894208736558808_70128872523020'[0m
  [1m[36mCACHE Config Load (0.1ms)[0m  [1m[34mSELECT  "configs".* FROM "configs" ORDER BY "configs"."id" ASC LIMIT $1[0m  [["LIMIT", 1]]
  ↳ app/models/config.rb:7
  Query Trace > [1;35mapp/models/config.rb:7:in `instance'
     from app/views/layouts/_menu.html.erb:42:in `_app_views_layouts__menu_html_erb___3223627749978708812_70128882509880'
     from app/views/layouts/application.html.erb:15:in `_app_views_layouts_application_html_erb__1994894208736558808_70128872523020'[0m
  [1m[36mCACHE Config Load (0.0ms)[0m  [1m[34mSELECT  "configs".* FROM "configs" ORDER BY "configs"."id" ASC LIMIT $1[0m  [["LIMIT", 1]]
  ↳ app/models/config.rb:10
  Query Trace > [1;35mapp/models/config.rb:10:in `instance'
     from app/views/layouts/_menu.html.erb:42:in `_app_views_layouts__menu_html_erb___3223627749978708812_70128882509880'
     from app/views/layouts/application.html.erb:15:in `_app_views_layouts_application_html_erb__1994894208736558808_70128872523020'[0m
  Rendered layouts/_menu.html.erb (26.7ms)
Completed 200 OK in 248ms (Views: 215.8ms | ActiveRecord: 6.9ms)


Started GET "/" for 127.0.0.1 at 2019-09-05 10:25:28 -0300
Processing by ParticipantesController#new as HTML
  [1m[36mConfig Load (0.6ms)[0m  [1m[34mSELECT  "configs".* FROM "configs" ORDER BY "configs"."id" ASC LIMIT $1[0m  [["LIMIT", 1]]
  ↳ app/models/config.rb:7
  Query Trace > [1;35mapp/models/config.rb:7:in `instance'
     from app/controllers/participantes_controller.rb:31:in `new'[0m
  [1m[36mCACHE Config Load (0.0ms)[0m  [1m[34mSELECT  "configs".* FROM "configs" ORDER BY "configs"."id" ASC LIMIT $1[0m  [["LIMIT", 1]]
  ↳ app/models/config.rb:10
  Query Trace > [1;35mapp/models/config.rb:10:in `instance'
     from app/controllers/participantes_controller.rb:31:in `new'[0m
  Rendering participantes/new.html.erb within layouts/publico
  [1m[36mPais Load (1.8ms)[0m  [1m[34mSELECT "paises".* FROM "paises"[0m
  ↳ app/models/concerns/selectable.rb:7
  Query Trace > [1;35mapp/models/concerns/selectable.rb:7:in `select'
     from app/views/participantes/_form.html.erb:103:in `block in _app_views_participantes__form_html_erb__1291552765492852556_70128882725840'
     from app/views/participantes/_form.html.erb:94:in `_app_views_participantes__form_html_erb__1291552765492852556_70128882725840'
     from app/views/participantes/new.html.erb:4:in `_app_views_participantes_new_html_erb___523137029632170710_70128882690260'
     from app/controllers/participantes_controller.rb:34:in `new'[0m
  [1m[36mCidade Load (6.4ms)[0m  [1m[34mSELECT  "cidades".* FROM "cidades" WHERE (cidades.nome = 'Natal') ORDER BY "cidades"."id" ASC LIMIT $1[0m  [["LIMIT", 1]]
  ↳ app/helpers/participantes_helper.rb:37
  Query Trace > [1;35mapp/helpers/participantes_helper.rb:37:in `select2_default_option'
     from app/views/participantes/_form.html.erb:104:in `block in _app_views_participantes__form_html_erb__1291552765492852556_70128882725840'
     from app/views/participantes/_form.html.erb:94:in `_app_views_participantes__form_html_erb__1291552765492852556_70128882725840'
     from app/views/participantes/new.html.erb:4:in `_app_views_participantes_new_html_erb___523137029632170710_70128882690260'
     from app/controllers/participantes_controller.rb:34:in `new'[0m
  [1m[36mEstado Load (0.4ms)[0m  [1m[34mSELECT "estados".* FROM "estados" WHERE "estados"."id" = $1[0m  [["id", 20]]
  ↳ app/helpers/participantes_helper.rb:37
  Query Trace > [1;35mapp/helpers/participantes_helper.rb:37:in `select2_default_option'
     from app/views/participantes/_form.html.erb:104:in `block in _app_views_participantes__form_html_erb__1291552765492852556_70128882725840'
     from app/views/participantes/_form.html.erb:94:in `_app_views_participantes__form_html_erb__1291552765492852556_70128882725840'
     from app/views/participantes/new.html.erb:4:in `_app_views_participantes_new_html_erb___523137029632170710_70128882690260'
     from app/controllers/participantes_controller.rb:34:in `new'[0m
  [1m[36mTipoParticipante Load (0.6ms)[0m  [1m[34mSELECT "tipo_participantes".* FROM "tipo_participantes"[0m
  ↳ app/models/concerns/selectable.rb:7
  Query Trace > [1;35mapp/models/concerns/selectable.rb:7:in `select'
     from app/views/participantes/_form.html.erb:106:in `block in _app_views_participantes__form_html_erb__1291552765492852556_70128882725840'
     from app/views/participantes/_form.html.erb:94:in `_app_views_participantes__form_html_erb__1291552765492852556_70128882725840'
     from app/views/participantes/new.html.erb:4:in `_app_views_participantes_new_html_erb___523137029632170710_70128882690260'
     from app/controllers/participantes_controller.rb:34:in `new'[0m
  [1m[36mCampus Load (28.3ms)[0m  [1m[34mSELECT "campi".* FROM "campi"[0m
  ↳ app/models/concerns/selectable.rb:7
  Query Trace > [1;35mapp/models/concerns/selectable.rb:7:in `select'
     from app/views/participantes/_form.html.erb:108:in `block in _app_views_participantes__form_html_erb__1291552765492852556_70128882725840'
     from app/views/participantes/_form.html.erb:94:in `_app_views_participantes__form_html_erb__1291552765492852556_70128882725840'
     from app/views/participantes/new.html.erb:4:in `_app_views_participantes_new_html_erb___523137029632170710_70128882690260'
     from app/controllers/participantes_controller.rb:34:in `new'[0m
  Rendered participantes/_form.html.erb (75.3ms)
  Rendered sessions/_form.html.erb (4.9ms)
  Rendered participantes/new.html.erb within layouts/publico (84.9ms)
  Rendered layouts/_bootstrap.html.erb (1.1ms)
  Rendered layouts/_notify.html.erb (1.2ms)
Completed 200 OK in 298ms (Views: 251.9ms | ActiveRecord: 38.1ms)


[18339] - Gracefully shutting down workers...
[18339] === puma shutdown: 2019-09-05 10:29:29 -0300 ===
[18339] - Goodbye!
Exiting
